
Unigraphics NX V2007 / 2D Exchange

Reading part: C:\Users\Director\Downloads\VFS\Summer 26\VTOL Flying Wing project\CAD\assembly_L2.prt

Failed to retrieve file: mirror_roll_motor.prt, Reason : Failed to find file using current search options, part left unloaded

Failed to retrieve file: roll_motor.prt, Reason : Failed to find file using current search options, part left unloaded

Failed to retrieve file: teleradio.prt, Reason : Failed to find file using current search options, part left unloaded

Failed to retrieve file: step_down_regulator.prt, Reason : Failed to find file using current search options, part left unloaded

Failed to retrieve file: propeller.prt, Reason : Failed to find file using current search options, part left unloaded

Failed to retrieve file: pixhawk6c.prt, Reason : Failed to find file using current search options, part left unloaded

Failed to retrieve file: main ESC.prt, Reason : Failed to find file using current search options, part left unloaded

Failed to retrieve file: PM07 Power Module.prt, Reason : Failed to find file using current search options, part left unloaded

Failed to retrieve file: battery.prt, Reason : Failed to find file using current search options, part left unloaded


Writing part: C:\Users\Director\AppData\Local\Temp\Dire3DF8AA0132ug.prt

Elapsed time   :    0 minutes, 24 seconds
Actual CPU Time:    0 minutes, 24 seconds


 
	 	 Annotation Summary 
 

 
Other annotations in input Part 
-------------------------------------------------------------------------------------------------------------
Note                                           :	80
-------------------------------------------------------------------------------------------------------------
Total                                          :	80
-------------------------------------------------------------------------------------------------------------

 

 
Other annotations in output 2D Part 
-------------------------------------------------------------------------------------------------------------
Note                                           :	80
-------------------------------------------------------------------------------------------------------------
Total                                          :	80
-------------------------------------------------------------------------------------------------------------
INFO-
INFO-		Unigraphics Version NX V2007 to AutoCAD 2018
INFO-		
INFO-
INFO-		Running UGTODXF Translator .....
INFO-
INFO-		Start of Translation: Sun Jul 12 21:30:58 2026
INFO-
STATUS-		Converting C:\Users\Director\AppData\Local\Temp\Dire3DF8AA0132ug.prt
STATUS-
SUMMARY-
SUMMARY-	Summary of Unigraphics Input Entities
SUMMARY-	For Unigraphics File: C:\Users\Director\AppData\Local\Temp\Dire3DF8AA0132ug.prt
SUMMARY-	------------------------------------------------------------------
SUMMARY-	Entity Type					Count
SUMMARY-	------------------------------------------------------------------
SUMMARY-	Line .....................................:	144
SUMMARY-	Point ....................................:	1
SUMMARY-	Circle ...................................:	22
SUMMARY-	Conic ....................................:	194
SUMMARY-	Spline ...................................:	246
SUMMARY-	Note .....................................:	80
SUMMARY-	Cross Hatch ..............................:	4
SUMMARY-	Image ....................................:	1
SUMMARY-	------------------------------------------------------------------
SUMMARY-	Total ....................................:	692
SUMMARY-	------------------------------------------------------------------
SUMMARY-
STATUS-
INFO-
INFO-		Writing File: C:\Users\Director\Downloads\VFS\Summer 26\VTOL Flying Wing project\CAD\Manufacturing\assembly_L2_2.dxf
SUMMARY-	Summary of AutoCAD Output Entities
SUMMARY-	------------------------------------------------------------------
SUMMARY-	Entity Type					Count
SUMMARY-	------------------------------------------------------------------
SUMMARY-	Circle ...................................:	22
SUMMARY-	Point ....................................:	1
SUMMARY-	Line .....................................:	1284
SUMMARY-	Ellipse ..................................:	194
SUMMARY-	Polyline .................................:	246
SUMMARY-	Multiline Text ...........................:	96
SUMMARY-	Layout ...................................:	6
SUMMARY-	Image ...................................:	1
SUMMARY-	------------------------------------------------------------------
SUMMARY-	Total ....................................:	1854
SUMMARY-	------------------------------------------------------------------
SUMMARY-
INFO-
INFO-		End of Translation: Sun Jul 12 21:31:03 2026
INFO-		Translation CPU time: 0 m, 4 sINFO-
