
Unigraphics NX V2007 / 2D Exchange

Reading part: C:\Users\Director\Downloads\VFS\Summer 26\VTOL Flying Wing project\CAD\assembly_L2.prt

Failed to retrieve file: mirror_roll_motor.prt, Reason : Failed to find file using current search options, part left unloaded

Failed to retrieve file: roll_motor.prt, Reason : Failed to find file using current search options, part left unloaded

Failed to retrieve file: teleradio.prt, Reason : Failed to find file using current search options, part left unloaded

Failed to retrieve file: step_down_regulator.prt, Reason : Failed to find file using current search options, part left unloaded

Failed to retrieve file: propeller.prt, Reason : Failed to find file using current search options, part left unloaded

Failed to retrieve file: pixhawk6c.prt, Reason : Failed to find file using current search options, part left unloaded

Failed to retrieve file: main ESC.prt, Reason : Failed to find file using current search options, part left unloaded

Failed to retrieve file: PM07 Power Module.prt, Reason : Failed to find file using current search options, part left unloaded

Failed to retrieve file: battery.prt, Reason : Failed to find file using current search options, part left unloaded


Writing part: C:\Users\Director\AppData\Local\Temp\Dire3DF8AA0132ua.prt

Elapsed time   :    0 minutes,  1 seconds
Actual CPU Time:    0 minutes,  1 seconds

INFO-
INFO-		Unigraphics Version NX V2007 to AutoCAD 2004
INFO-		
INFO-
INFO-		Running UGTODXF Translator .....
INFO-
INFO-		Start of Translation: Sun Jul 12 21:24:46 2026
INFO-
STATUS-		Converting C:\Users\Director\AppData\Local\Temp\Dire3DF8AA0132ua.prt
STATUS-
SUMMARY-
SUMMARY-	Summary of Unigraphics Input Entities
SUMMARY-	For Unigraphics File: C:\Users\Director\AppData\Local\Temp\Dire3DF8AA0132ua.prt
SUMMARY-	------------------------------------------------------------------
SUMMARY-	Entity Type					Count
SUMMARY-	------------------------------------------------------------------
SUMMARY-	Line .....................................:	12
SUMMARY-	Point ....................................:	1
SUMMARY-	Conic ....................................:	216
SUMMARY-	Spline ...................................:	246
SUMMARY-	------------------------------------------------------------------
SUMMARY-	Total ....................................:	475
SUMMARY-	------------------------------------------------------------------
SUMMARY-
STATUS-
INFO-
INFO-		Writing File: C:\Users\Director\Downloads\VFS\Summer 26\VTOL Flying Wing project\CAD\Manufacturing\assembly_L2.dxf
SUMMARY-	Summary of AutoCAD Output Entities
SUMMARY-	------------------------------------------------------------------
SUMMARY-	Entity Type					Count
SUMMARY-	------------------------------------------------------------------
SUMMARY-	Spline ...................................:	246
SUMMARY-	Point ....................................:	1
SUMMARY-	Line .....................................:	12
SUMMARY-	Ellipse ..................................:	216
SUMMARY-	Layout ...................................:	6
SUMMARY-	------------------------------------------------------------------
SUMMARY-	Total ....................................:	481
SUMMARY-	------------------------------------------------------------------
SUMMARY-
INFO-
INFO-		End of Translation: Sun Jul 12 21:24:46 2026
INFO-		Translation CPU time: 0 m, 1 sINFO-
