STEP to UG
! INFO-     NX STEP AP203 - V2007
! INFO-      
! INFO-     Start of Translation: 4-JUL-2026  9:46:21 PM
! INFO-      
! STATUS-   Converting Part: C:\Users\Director\Downloads\KDEXF-UAS55AHVC-STEP\KDEXF-UAS55AHVC.STEP
! SUMMARY-   
! SUMMARY-    STEP Header Information
! SUMMARY-   
! SUMMARY-  Description      STEP AP214
! SUMMARY-  Imp_Level        1
! SUMMARY-  File_Name        KDEXF-UAS55AHVC-ESC.STEP
! SUMMARY-  Date             2018-05-09T20:12:51
! SUMMARY-  Author           Unknown
! SUMMARY-  Organization     Unknown
! SUMMARY-  Pre_Version      SwSTEP 2.0
! SUMMARY-  Orig_System      SolidWorks 2016
! SUMMARY-  Authorization    Unknown
! SUMMARY-  Schema_ID        automotive_design
! SUMMARY-   
! SUMMARY-    Summary of STEP Entities
! SUMMARY-   
! SUMMARY-  Entity Type                                                   Count
! SUMMARY-  -----------                                                   ------
! SUMMARY-  advanced_face ..............................................:   1204
! SUMMARY-  application_context ........................................:     20
! SUMMARY-  axis2_placement_3d .........................................:   1153
! SUMMARY-  b_spline_curve_with_knots ..................................:    652
! SUMMARY-  b_spline_curve_with_knots_and_rational_b_spline_curve ......:     58
! SUMMARY-  b_spline_surface_with_knots ................................:    309
! SUMMARY-  b_spline_surface_with_knots_and_rational_b_spline_surface ..:      4
! SUMMARY-  cartesian_point ............................................:  20507
! SUMMARY-  circle .....................................................:    252
! SUMMARY-  closed_shell ...............................................:      3
! SUMMARY-  conical_surface ............................................:     37
! SUMMARY-  context_dependent_shape_representation .....................:      6
! SUMMARY-  conversion_based_unit_and_length_unit ......................:    932
! SUMMARY-  cylindrical_surface ........................................:    129
! SUMMARY-  dimensional_exponents ......................................:    932
! SUMMARY-  direction ..................................................:   4542
! SUMMARY-  edge_curve .................................................:   3198
! SUMMARY-  edge_loop ..................................................:   1328
! SUMMARY-  face_bound .................................................:    124
! SUMMARY-  face_outer_bound ...........................................:   1204
! SUMMARY-  geometric_representation_context_and_global_uncertainty_a ..:    932
! SUMMARY-  item_defined_transformation ................................:      6
! SUMMARY-  length_measure_with_unit ...................................:    932
! SUMMARY-  length_unit_and_si_unit ....................................:    932
! SUMMARY-  line .......................................................:   2236
! SUMMARY-  manifold_solid_brep ........................................:      3
! SUMMARY-  next_assembly_usage_occurrence .............................:      6
! SUMMARY-  oriented_edge ..............................................:   6396
! SUMMARY-  plane ......................................................:    725
! SUMMARY-  plane_angle_unit_and_si_unit ...............................:    932
! SUMMARY-  product ....................................................:     10
! SUMMARY-  product_context ............................................:     10
! SUMMARY-  product_definition .........................................:     10
! SUMMARY-  product_definition_context .................................:     10
! SUMMARY-  product_definition_formation_with_specified_source .........:     10
! SUMMARY-  product_definition_shape ...................................:     16
! SUMMARY-  product_related_product_category ...........................:     10
! SUMMARY-  representation_relationship_with_transformation_and_shape ..:      6
! SUMMARY-  shape_representation .......................................:      4
! SUMMARY-  si_unit_and_solid_angle_unit ...............................:    932
! SUMMARY-  uncertainty_measure_with_unit ..............................:    932
! SUMMARY-  vector .....................................................:   2236
! SUMMARY-  vertex_point ...............................................:   2116
! SUMMARY-                                                               -------
! SUMMARY-  Total                                                          55996
! STATUS-    
! STATUS-   Converting to Output Form (Phase 2 of 3): 4-JUL-2026 9:46:22 PM
! STATUS-    
! INFO-     CV0305 The entities referenced by a context_dependant_shape_rep are
! INFO-       not coded as to STEP Part 43 requirements.  The references to the
! INFO-       component and assembly pieces is out of order.  We will attempt
! INFO-       to correct this with the given data.  This problem should be
! INFO-       reported to the translator vendor whose product generated this
! INFO-       STEP file.  If we are unable to rectify this problem the
! INFO-       components may be positioned incorrectly.
! INFO-      
! STATUS-    
! STATUS-   Generating UG geometry and placing them in parts
! STATUS-    
! STATUS-   Creating the UG part (Phase 3 of 3): 4-JUL-2026  9:46:38 PM
! INFO-     Filing Part ..: C:\Users\Director\Downloads\VFS\Summer 26\CAD\Avionics\KDE Direct XF UAS 55A ESC Aluminum Case - Upper V2
! SUMMARY-   
! SUMMARY-  Summary of Unigraphics Part Entities
! SUMMARY-   
! SUMMARY-  Entities Processed             Count
! SUMMARY-  ------------------             -----
! SUMMARY-  Solid .......................:     1
! SUMMARY-                                 -----
! SUMMARY-  Total                              1
! STATUS-   Creating the UG part (Phase 3 of 3): 4-JUL-2026  9:46:43 PM
! INFO-     Filing Part ..: C:\Users\Director\Downloads\VFS\Summer 26\CAD\Avionics\KDE Direct XF UAS 55A ESC Aluminum Case - Lower V2
! SUMMARY-   
! SUMMARY-  Summary of Unigraphics Part Entities
! SUMMARY-   
! SUMMARY-  Entities Processed             Count
! SUMMARY-  ------------------             -----
! SUMMARY-  Solid .......................:     1
! SUMMARY-                                 -----
! SUMMARY-  Total                              1
! STATUS-   Creating the UG part (Phase 3 of 3): 4-JUL-2026  9:46:43 PM
! INFO-     Filing Part ..: C:\Users\Director\Downloads\VFS\Summer 26\CAD\Avionics\FLAT HEAD PHILLIPS MACHINE SCREW - M2 X 0.4 X 6MM
! SUMMARY-   
! SUMMARY-  Summary of Unigraphics Part Entities
! SUMMARY-   
! SUMMARY-  Entities Processed             Count
! SUMMARY-  ------------------             -----
! SUMMARY-  Solid .......................:     1
! SUMMARY-                                 -----
! SUMMARY-  Total                              1
! STATUS-   Creating the UG part (Phase 3 of 3): 4-JUL-2026  9:46:44 PM
! INFO-     Filing Part ..: C:\Users\Director\Downloads\VFS\Summer 26\CAD\Avionics\KDEXF-UAS55AHVC.prt
! SUMMARY-   
! SUMMARY-  Summary of Unigraphics Part Entities
! SUMMARY-   
! SUMMARY-  Entities Processed             Count
! SUMMARY-  ------------------             -----
! SUMMARY-  Component ...................:     6
! SUMMARY-                                 -----
! SUMMARY-  Total                              6
! INFO-      
! INFO-     Total number of solids input for this translation       :         3
! INFO-      
! INFO-     Number of solids created without body validation faults :         3
! INFO-      
! INFO-     Number of solids created with body validation fault(s)  :         0
! INFO-      
! INFO-     Number of solids ending up as sheet bodies              :         0
! INFO-      
! INFO-     End of Translation: 4-JUL-2026  9:46:44 PM
! INFO-      
